<?xml version="1.0" encoding="UTF-8"?>
<testng-results ignored="0" total="1" passed="1" failed="0" skipped="0">
  <reporter-output>
  </reporter-output>
  <suite started-at="2023-07-02T23:06:35 IST" name="Command line suite" finished-at="2023-07-02T23:06:41 IST" duration-ms="5949">
    <groups>
    </groups>
    <test started-at="2023-07-02T23:06:35 IST" name="Command line test" finished-at="2023-07-02T23:06:41 IST" duration-ms="5949">
      <class name="com.tests.GoogleDemoTest">
        <test-method is-config="true" signature="setUp([Ljava.lang.Object;)[pri:0, instance:com.tests.GoogleDemoTest@5876a9af]" started-at="2023-07-02T23:06:35 IST" name="setUp" finished-at="2023-07-02T23:06:40 IST" duration-ms="4469" status="PASS">
          <params>
            <param index="0">
              <value>
                <![CDATA[[Ljava.lang.Object;@18578491]]>
              </value>
            </param>
          </params>
          <reporter-output>
          </reporter-output>
        </test-method> <!-- setUp -->
        <test-method signature="test()[pri:0, instance:com.tests.GoogleDemoTest@5876a9af]" started-at="2023-07-02T23:06:40 IST" name="test" finished-at="2023-07-02T23:06:41 IST" duration-ms="1067" status="PASS">
          <reporter-output>
          </reporter-output>
        </test-method> <!-- test -->
        <test-method is-config="true" signature="tearDown()[pri:0, instance:com.tests.GoogleDemoTest@5876a9af]" started-at="2023-07-02T23:06:41 IST" name="tearDown" finished-at="2023-07-02T23:06:41 IST" duration-ms="376" status="PASS">
          <reporter-output>
          </reporter-output>
        </test-method> <!-- tearDown -->
      </class> <!-- com.tests.GoogleDemoTest -->
    </test> <!-- Command line test -->
  </suite> <!-- Command line suite -->
</testng-results>
