<?xml version="1.0" encoding="UTF-8"?>
<testsuite xmlns:xsi="http://www.w3.org/2001/XMLSchema-instance" xsi:noNamespaceSchemaLocation="https://maven.apache.org/surefire/maven-surefire-plugin/xsd/surefire-test-report-3.0.xsd" version="3.0" name="TestSuite" time="87.528" tests="3" errors="0" skipped="2" failures="1">
  <properties>
[...]
</properties>
  <testcase name="setUp[[Ljava.lang.Object;@5a865416](0)" classname="com.tests.GoogleDemoTest" time="87.395">
    <failure message="session not created: This version of ChromeDriver only supports Chrome version 114&#10;Current browser version is 117.0.5938.149 with binary path C:\Users\billi\AppData\Local\Google\Chrome\Application\chrome.exe&#10;Build info: version: &apos;3.141.59&apos;, revision: &apos;e82be7d358&apos;, time: &apos;2018-11-14T08:17:03&apos;&#10;System info: host: &apos;AKASHKHANNA&apos;, ip: &apos;192.168.29.233&apos;, os.name: &apos;Windows 11&apos;, os.arch: &apos;amd64&apos;, os.version: &apos;10.0&apos;, java.version: &apos;19.0.2&apos;&#10;Driver info: driver.version: Driver&#10;remote stacktrace: Backtrace:&#10;	GetHandleVerifier [0x0049A813+48355]&#10;	(No symbol) [0x0042C4B1]&#10;	(No symbol) [0x00335358]&#10;	(No symbol) [0x003561AC]&#10;	(No symbol) [0x00351EF3]&#10;	(No symbol) [0x00350579]&#10;	(No symbol) [0x00380C55]&#10;	(No symbol) [0x0038093C]&#10;	(No symbol) [0x0037A536]&#10;	(No symbol) [0x003582DC]&#10;	(No symbol) [0x003593DD]&#10;	GetHandleVerifier [0x006FAABD+2539405]&#10;	GetHandleVerifier [0x0073A78F+2800735]&#10;	GetHandleVerifier [0x0073456C+2775612]&#10;	GetHandleVerifier [0x005251E0+616112]&#10;	(No symbol) [0x00435F8C]&#10;	(No symbol) [0x00432328]&#10;	(No symbol) [0x0043240B]&#10;	(No symbol) [0x00424FF7]&#10;	BaseThreadInitThunk [0x74D87BA9+25]&#10;	RtlInitializeExceptionChain [0x7706B79B+107]&#10;	RtlClearBits [0x7706B71F+191]&#10;" type="org.openqa.selenium.SessionNotCreatedException"><![CDATA[org.openqa.selenium.SessionNotCreatedException: 
session not created: This version of ChromeDriver only supports Chrome version 114
Current browser version is 117.0.5938.149 with binary path C:\Users\billi\AppData\Local\Google\Chrome\Application\chrome.exe
Build info: version: '3.141.59', revision: 'e82be7d358', time: '2018-11-14T08:17:03'
System info: host: 'AKASHKHANNA', ip: '192.168.29.233', os.name: 'Windows 11', os.arch: 'amd64', os.version: '10.0', java.version: '19.0.2'
Driver info: driver.version: Driver
remote stacktrace: Backtrace:
	GetHandleVerifier [0x0049A813+48355]
	(No symbol) [0x0042C4B1]
	(No symbol) [0x00335358]
	(No symbol) [0x003561AC]
	(No symbol) [0x00351EF3]
	(No symbol) [0x00350579]
	(No symbol) [0x00380C55]
	(No symbol) [0x0038093C]
	(No symbol) [0x0037A536]
	(No symbol) [0x003582DC]
	(No symbol) [0x003593DD]
	GetHandleVerifier [0x006FAABD+2539405]
	GetHandleVerifier [0x0073A78F+2800735]
	GetHandleVerifier [0x0073456C+2775612]
	GetHandleVerifier [0x005251E0+616112]
	(No symbol) [0x00435F8C]
	(No symbol) [0x00432328]
	(No symbol) [0x0043240B]
	(No symbol) [0x00424FF7]
	BaseThreadInitThunk [0x74D87BA9+25]
	RtlInitializeExceptionChain [0x7706B79B+107]
	RtlClearBits [0x7706B71F+191]

	at java.base/jdk.internal.reflect.DirectConstructorHandleAccessor.newInstance(DirectConstructorHandleAccessor.java:67)
	at java.base/java.lang.reflect.Constructor.newInstanceWithCaller(Constructor.java:500)
	at java.base/java.lang.reflect.Constructor.newInstance(Constructor.java:484)
	at org.openqa.selenium.remote.W3CHandshakeResponse.lambda$errorHandler$0(W3CHandshakeResponse.java:62)
	at org.openqa.selenium.remote.HandshakeResponse.lambda$getResponseFunction$0(HandshakeResponse.java:30)
	at org.openqa.selenium.remote.ProtocolHandshake.lambda$createSession$0(ProtocolHandshake.java:126)
	at java.base/java.util.stream.ReferencePipeline$3$1.accept(ReferencePipeline.java:197)
	at java.base/java.util.Spliterators$ArraySpliterator.tryAdvance(Spliterators.java:1016)
	at java.base/java.util.stream.ReferencePipeline.forEachWithCancel(ReferencePipeline.java:129)
	at java.base/java.util.stream.AbstractPipeline.copyIntoWithCancel(AbstractPipeline.java:527)
	at java.base/java.util.stream.AbstractPipeline.copyInto(AbstractPipeline.java:513)
	at java.base/java.util.stream.AbstractPipeline.wrapAndCopyInto(AbstractPipeline.java:499)
	at java.base/java.util.stream.FindOps$FindOp.evaluateSequential(FindOps.java:150)
	at java.base/java.util.stream.AbstractPipeline.evaluate(AbstractPipeline.java:234)
	at java.base/java.util.stream.ReferencePipeline.findFirst(ReferencePipeline.java:647)
	at org.openqa.selenium.remote.ProtocolHandshake.createSession(ProtocolHandshake.java:128)
	at org.openqa.selenium.remote.ProtocolHandshake.createSession(ProtocolHandshake.java:74)
	at org.openqa.selenium.remote.HttpCommandExecutor.execute(HttpCommandExecutor.java:136)
	at org.openqa.selenium.remote.service.DriverCommandExecutor.execute(DriverCommandExecutor.java:83)
	at org.openqa.selenium.remote.RemoteWebDriver.execute(RemoteWebDriver.java:552)
	at org.openqa.selenium.remote.RemoteWebDriver.startSession(RemoteWebDriver.java:213)
	at org.openqa.selenium.remote.RemoteWebDriver.<init>(RemoteWebDriver.java:131)
	at org.openqa.selenium.chrome.ChromeDriver.<init>(ChromeDriver.java:181)
	at org.openqa.selenium.chrome.ChromeDriver.<init>(ChromeDriver.java:168)
	at org.openqa.selenium.chrome.ChromeDriver.<init>(ChromeDriver.java:123)
	at com.driver.DriverFactory.getDriver(DriverFactory.java:23)
	at com.driver.Driver.initDriver(Driver.java:37)
	at com.tests.BaseTest.setUp(BaseTest.java:31)
	at java.base/jdk.internal.reflect.DirectMethodHandleAccessor.invoke(DirectMethodHandleAccessor.java:104)
	at java.base/java.lang.reflect.Method.invoke(Method.java:578)
	at org.testng.internal.MethodInvocationHelper.invokeMethod(MethodInvocationHelper.java:133)
	at org.testng.internal.MethodInvocationHelper.invokeMethodConsideringTimeout(MethodInvocationHelper.java:62)
	at org.testng.internal.ConfigInvoker.invokeConfigurationMethod(ConfigInvoker.java:385)
	at org.testng.internal.ConfigInvoker.invokeConfigurations(ConfigInvoker.java:321)
	at org.testng.internal.TestInvoker.runConfigMethods(TestInvoker.java:700)
	at org.testng.internal.TestInvoker.invokeMethod(TestInvoker.java:527)
	at org.testng.internal.TestInvoker.invokeTestMethod(TestInvoker.java:173)
	at org.testng.internal.MethodRunner.runInSequence(MethodRunner.java:46)
	at org.testng.internal.TestInvoker$MethodInvocationAgent.invoke(TestInvoker.java:824)
	at org.testng.internal.TestInvoker.invokeTestMethods(TestInvoker.java:146)
	at org.testng.internal.TestMethodWorker.invokeTestMethods(TestMethodWorker.java:146)
	at org.testng.internal.TestMethodWorker.run(TestMethodWorker.java:128)
	at java.base/java.util.ArrayList.forEach(ArrayList.java:1511)
	at org.testng.TestRunner.privateRun(TestRunner.java:794)
	at org.testng.TestRunner.run(TestRunner.java:596)
	at org.testng.SuiteRunner.runTest(SuiteRunner.java:377)
	at org.testng.SuiteRunner.runSequentially(SuiteRunner.java:371)
	at org.testng.SuiteRunner.privateRun(SuiteRunner.java:332)
	at org.testng.SuiteRunner.run(SuiteRunner.java:276)
	at org.testng.SuiteRunnerWorker.runSuite(SuiteRunnerWorker.java:53)
	at org.testng.SuiteRunnerWorker.run(SuiteRunnerWorker.java:96)
	at org.testng.TestNG.runSuitesSequentially(TestNG.java:1212)
	at org.testng.TestNG.runSuitesLocally(TestNG.java:1134)
	at org.testng.TestNG.runSuites(TestNG.java:1063)
	at org.testng.TestNG.run(TestNG.java:1031)
	at org.apache.maven.surefire.testng.TestNGExecutor.run(TestNGExecutor.java:155)
	at org.apache.maven.surefire.testng.TestNGDirectoryTestSuite.executeMulti(TestNGDirectoryTestSuite.java:169)
	at org.apache.maven.surefire.testng.TestNGDirectoryTestSuite.execute(TestNGDirectoryTestSuite.java:88)
	at org.apache.maven.surefire.testng.TestNGProvider.invoke(TestNGProvider.java:137)
	at org.apache.maven.surefire.booter.ForkedBooter.runSuitesInProcess(ForkedBooter.java:385)
	at org.apache.maven.surefire.booter.ForkedBooter.execute(ForkedBooter.java:162)
	at org.apache.maven.surefire.booter.ForkedBooter.run(ForkedBooter.java:507)
	at org.apache.maven.surefire.booter.ForkedBooter.main(ForkedBooter.java:495)
]]></failure>
    <system-err><![CDATA[SLF4J: Failed to load class "org.slf4j.impl.StaticLoggerBinder".
SLF4J: Defaulting to no-operation (NOP) logger implementation
SLF4J: See http://www.slf4j.org/codes.html#StaticLoggerBinder for further details.
Starting ChromeDriver 114.0.5735.90 (386bc09e8f4f2e025eddae123f36f6263096ae49-refs/branch-heads/5735@{#1052}) on port 20101
Only local connections are allowed.
Please see https://chromedriver.chromium.org/security-considerations for suggestions on keeping ChromeDriver safe.
ChromeDriver was started successfully.
]]></system-err>
  </testcase>
  <testcase name="test" classname="com.tests.GoogleDemoTest" time="0">
    <skipped message="session not created: This version of ChromeDriver only supports Chrome version 114&#10;Current browser version is 117.0.5938.149 with binary path C:\Users\billi\AppData\Local\Google\Chrome\Application\chrome.exe&#10;Build info: version: &apos;3.141.59&apos;, revision: &apos;e82be7d358&apos;, time: &apos;2018-11-14T08:17:03&apos;&#10;System info: host: &apos;AKASHKHANNA&apos;, ip: &apos;192.168.29.233&apos;, os.name: &apos;Windows 11&apos;, os.arch: &apos;amd64&apos;, os.version: &apos;10.0&apos;, java.version: &apos;19.0.2&apos;&#10;Driver info: driver.version: Driver&#10;remote stacktrace: Backtrace:&#10;	GetHandleVerifier [0x0049A813+48355]&#10;	(No symbol) [0x0042C4B1]&#10;	(No symbol) [0x00335358]&#10;	(No symbol) [0x003561AC]&#10;	(No symbol) [0x00351EF3]&#10;	(No symbol) [0x00350579]&#10;	(No symbol) [0x00380C55]&#10;	(No symbol) [0x0038093C]&#10;	(No symbol) [0x0037A536]&#10;	(No symbol) [0x003582DC]&#10;	(No symbol) [0x003593DD]&#10;	GetHandleVerifier [0x006FAABD+2539405]&#10;	GetHandleVerifier [0x0073A78F+2800735]&#10;	GetHandleVerifier [0x0073456C+2775612]&#10;	GetHandleVerifier [0x005251E0+616112]&#10;	(No symbol) [0x00435F8C]&#10;	(No symbol) [0x00432328]&#10;	(No symbol) [0x0043240B]&#10;	(No symbol) [0x00424FF7]&#10;	BaseThreadInitThunk [0x74D87BA9+25]&#10;	RtlInitializeExceptionChain [0x7706B79B+107]&#10;	RtlClearBits [0x7706B71F+191]&#10;"/>
  </testcase>
  <testcase name="tearDown" classname="com.tests.GoogleDemoTest" time="0">
    <skipped/>
  </testcase>
</testsuite>