<?xml version="1.0" encoding="UTF-8"?>
<testng-results ignored="0" total="1" passed="1" failed="0" skipped="0">
  <reporter-output>
  </reporter-output>
  <suite started-at="2023-07-02T23:59:30 IST" name="Default suite" finished-at="2023-07-02T23:59:38 IST" duration-ms="8370">
    <groups>
    </groups>
    <test started-at="2023-07-02T23:59:30 IST" name="Default test" finished-at="2023-07-02T23:59:38 IST" duration-ms="8370">
      <class name="com.tests.GoogleDemoTest">
        <test-method is-config="true" signature="setUp([Ljava.lang.Object;)[pri:0, instance:com.tests.GoogleDemoTest@5f16132a]" started-at="2023-07-02T23:59:30 IST" name="setUp" finished-at="2023-07-02T23:59:34 IST" duration-ms="4410" status="PASS">
          <params>
            <param index="0">
              <value>
                <![CDATA[[Ljava.lang.Object;@5fa23c]]>
              </value>
            </param>
          </params>
          <reporter-output>
          </reporter-output>
        </test-method> <!-- setUp -->
        <test-method signature="test()[pri:0, instance:com.tests.GoogleDemoTest@5f16132a]" started-at="2023-07-02T23:59:34 IST" name="test" finished-at="2023-07-02T23:59:38 IST" duration-ms="3587" status="PASS">
          <reporter-output>
          </reporter-output>
        </test-method> <!-- test -->
        <test-method is-config="true" signature="tearDown()[pri:0, instance:com.tests.GoogleDemoTest@5f16132a]" started-at="2023-07-02T23:59:38 IST" name="tearDown" finished-at="2023-07-02T23:59:38 IST" duration-ms="323" status="PASS">
          <reporter-output>
          </reporter-output>
        </test-method> <!-- tearDown -->
      </class> <!-- com.tests.GoogleDemoTest -->
    </test> <!-- Default test -->
  </suite> <!-- Default suite -->
</testng-results>
